<?xml version="1.0" encoding="UTF-8"?>
<!-- Generated by org.testng.reporters.JUnitReportReporter -->
<testsuite hostname="DESKTOP-LD2GPJV" failures="0" tests="1" name="Punter.LogintoAppTest" time="14.230" errors="0" timestamp="2023-07-13T12:22:37 IST" skipped="0">
  <testcase classname="Punter.LogintoAppTest" name="tc1" time="14.230"/>
  <system-out/>
</testsuite> <!-- Punter.LogintoAppTest -->
