<?xml version="1.0" encoding="UTF-8"?>
<!-- Generated by org.testng.reporters.JUnitReportReporter -->
<testsuite hostname="DESKTOP-LD2GPJV" failures="0" tests="1" name="Punter.Script01Test" time="13.610" errors="0" timestamp="2023-07-13T17:19:41 IST" skipped="0">
  <testcase classname="Punter.Script01Test" name="test2" time="13.610"/>
  <system-out/>
</testsuite> <!-- Punter.Script01Test -->
